<?xml version="1.0" encoding="UTF-8"?>
<!-- Generated by org.testng.reporters.JUnitXMLReporter -->
<testsuite ignored="0" hostname="Niket" failures="0" tests="4" name="Default test" time="3.872" errors="0" timestamp="2026-05-03T17:40:57 EDT">
  <testcase classname="com.qa.stripe_tests.StripePaymentTest" name="createPaymentIntent" time="2.256"/>
  <testcase classname="com.qa.stripe_tests.StripePaymentTest" name="createPaymentIntent_InvalidAmount" time="0.475"/>
  <testcase classname="com.qa.stripe_tests.StripePaymentTest" name="createPaymentIntent_InvalidApiKey" time="0.307"/>
  <testcase classname="com.qa.stripe_tests.StripePaymentTest" name="createPaymentIntent_MissingAmount" time="0.408"/>
</testsuite> <!-- Default test -->
