<?xml version="1.0" encoding="UTF-8"?>
<!-- Generated by org.testng.reporters.JUnitReportReporter -->
<testsuite hostname="Niket" failures="0" tests="4" name="com.qa.stripe_tests.StripePaymentTest" time="3.446" errors="0" timestamp="2026-05-03T17:40:57 EDT" skipped="0">
  <testcase classname="com.qa.stripe_tests.StripePaymentTest" name="createPaymentIntent_InvalidAmount" time="0.475"/>
  <system-out/>
  <testcase classname="com.qa.stripe_tests.StripePaymentTest" name="createPaymentIntent" time="2.256"/>
  <system-out/>
  <testcase classname="com.qa.stripe_tests.StripePaymentTest" name="createPaymentIntent_MissingAmount" time="0.408"/>
  <system-out/>
  <testcase classname="com.qa.stripe_tests.StripePaymentTest" name="createPaymentIntent_InvalidApiKey" time="0.307"/>
  <system-out/>
</testsuite> <!-- com.qa.stripe_tests.StripePaymentTest -->
